{
  "stats": {
    "suites": 1,
    "tests": 1,
    "passes": 1,
    "pending": 0,
    "failures": 0,
    "start": "2026-06-19T13:48:25.799Z",
    "end": "2026-06-19T13:48:49.230Z",
    "duration": 23431,
    "testsRegistered": 1,
    "passPercent": 100,
    "pendingPercent": 0,
    "other": 0,
    "hasOther": false,
    "skipped": 0,
    "hasSkipped": false
  },
  "results": [
    {
      "uuid": "d75cf4e5-a9af-4923-bd49-7101119091d3",
      "title": "",
      "fullFile": "cypress\\e2e\\actividad_final_sima.cy.js",
      "file": "cypress\\e2e\\actividad_final_sima.cy.js",
      "beforeHooks": [],
      "afterHooks": [],
      "tests": [],
      "suites": [
        {
          "uuid": "b0883944-8f62-42ad-b159-e5b1639f1c7d",
          "title": "Actividad final del proyecto SIMA",
          "fullFile": "",
          "file": "",
          "beforeHooks": [],
          "afterHooks": [],
          "tests": [
            {
              "title": "Debe iniciar sesion, registrar usuario, consultarlo y cerrar sesion",
              "fullTitle": "Actividad final del proyecto SIMA Debe iniciar sesion, registrar usuario, consultarlo y cerrar sesion",
              "timedOut": null,
              "duration": 20085,
              "state": "passed",
              "speed": "slow",
              "pass": true,
              "fail": false,
              "pending": false,
              "context": null,
              "code": "const documentoNuevo = `1020${Date.now().toString().slice(-6)}`;\nconst nombreNuevo = 'Prueba';\nconst apellidoNuevo = 'Cypress';\nconst correoNuevo = `prueba${documentoNuevo}@misena.edu.co`;\nconst celularNuevo = '3001234567';\ncy.visit('http://localhost:5173/login');\ncy.screenshot('sima-1-login');\ncy.contains('Iniciar sesion').should('be.visible');\ncy.get('input').eq(0).clear().type('1000000001');\ncy.get('input').eq(1).clear().type('Admin123');\ncy.contains('button', /iniciar sesion/i).click();\ncy.location('pathname', {\n  timeout: 15000\n}).should('include', '/dashboard');\ncy.get('body', {\n  timeout: 15000\n}).should('contain.text', 'Admin Sistema');\ncy.get('body').should('contain.text', 'Coordinador');\ncy.screenshot('sima-2-dashboard-coordinador');\ncy.contains('Gestion de usuarios').click();\ncy.url().should('include', '/usuarios');\ncy.contains('Gestion de usuarios').should('be.visible');\ncy.contains('Usuarios registrados').should('be.visible');\ncy.screenshot('sima-3-gestion-usuarios');\ncy.contains('button', 'Crear usuario').click();\ncy.contains('Crear usuario').should('be.visible');\ncy.get('input[placeholder=\"Ej. Maria\"]').type(nombreNuevo);\ncy.get('input[placeholder=\"Ej. Torres\"]').type(apellidoNuevo);\ncy.get('select').eq(0).select('Cedula de ciudadania');\ncy.get('input[placeholder=\"Numero de cedula\"]').type(documentoNuevo);\ncy.get('input[placeholder=\"usuario@misena.edu.co\"]').type(correoNuevo);\ncy.get('input[placeholder=\"Numero de celular\"]').type(celularNuevo);\ncy.get('select').eq(1).select('coordinador');\ncy.screenshot('sima-4-formulario-crear-usuario');\ncy.contains('button', 'Guardar usuario').click();\ncy.contains(nombreNuevo).should('be.visible');\ncy.contains(apellidoNuevo).should('be.visible');\ncy.contains('coordinador').should('be.visible');\ncy.screenshot('sima-5-usuario-registrado');\ncy.get('input[placeholder*=\"Buscar\"]').clear().type(nombreNuevo);\ncy.contains(nombreNuevo).should('be.visible');\ncy.contains(apellidoNuevo).should('be.visible');\ncy.screenshot('sima-6-consulta-usuario-registrado');\ncy.contains('Admin Sistema').click();\ncy.contains(/cerrar sesion|salir/i).click();\ncy.url().should('include', '/login');\ncy.contains('Iniciar sesion').should('be.visible');\ncy.screenshot('sima-7-cierre-sesion');",
              "err": {},
              "uuid": "3dee983d-95f7-4c91-9e31-4902045f971e",
              "parentUUID": "b0883944-8f62-42ad-b159-e5b1639f1c7d",
              "isHook": false,
              "skipped": false
            }
          ],
          "suites": [],
          "passes": [
            "3dee983d-95f7-4c91-9e31-4902045f971e"
          ],
          "failures": [],
          "pending": [],
          "skipped": [],
          "duration": 20085,
          "root": false,
          "rootEmpty": false,
          "_timeout": 2000
        }
      ],
      "passes": [],
      "failures": [],
      "pending": [],
      "skipped": [],
      "duration": 0,
      "root": true,
      "rootEmpty": true,
      "_timeout": 2000
    }
  ],
  "meta": {
    "mocha": {
      "version": "7.2.0"
    },
    "mochawesome": {
      "options": {
        "quiet": false,
        "reportFilename": "mochawesome",
        "saveHtml": true,
        "saveJson": true,
        "consoleReporter": "spec",
        "useInlineDiffs": false,
        "code": true
      },
      "version": "7.1.4"
    },
    "marge": {
      "options": {
        "reportDir": "cypress/reports",
        "overwrite": false,
        "html": true,
        "json": true
      },
      "version": "6.3.2"
    }
  }
}