{
  "stats": {
    "suites": 1,
    "tests": 5,
    "passes": 5,
    "pending": 0,
    "failures": 0,
    "start": "2026-06-19T13:47:58.782Z",
    "end": "2026-06-19T13:48:21.317Z",
    "duration": 22535,
    "testsRegistered": 5,
    "passPercent": 100,
    "pendingPercent": 0,
    "other": 0,
    "hasOther": false,
    "skipped": 0,
    "hasSkipped": false
  },
  "results": [
    {
      "uuid": "09b85f25-88f3-4733-bc14-f35d96d1f58a",
      "title": "",
      "fullFile": "cypress\\e2e\\actividad_cypress.cy.js",
      "file": "cypress\\e2e\\actividad_cypress.cy.js",
      "beforeHooks": [],
      "afterHooks": [],
      "tests": [],
      "suites": [
        {
          "uuid": "340d6d69-deff-4e49-acd0-4f29eed9fb86",
          "title": "Ejercicios sugeridos en example.cypress.io",
          "fullFile": "",
          "file": "",
          "beforeHooks": [],
          "afterHooks": [],
          "tests": [
            {
              "title": "Ejercicio 1 - Visitar pagina principal y validar Kitchen Sink y boton Type",
              "fullTitle": "Ejercicios sugeridos en example.cypress.io Ejercicio 1 - Visitar pagina principal y validar Kitchen Sink y boton Type",
              "timedOut": null,
              "duration": 3641,
              "state": "passed",
              "speed": "fast",
              "pass": true,
              "fail": false,
              "pending": false,
              "context": null,
              "code": "cy.visit('https://example.cypress.io');\ncy.contains('Kitchen Sink').should('be.visible');\ncy.contains('type').should('exist');\ncy.screenshot('ejercicio-1-kitchen-sink');",
              "err": {},
              "uuid": "f701bb26-cb71-47eb-b121-03305a472604",
              "parentUUID": "340d6d69-deff-4e49-acd0-4f29eed9fb86",
              "isHook": false,
              "skipped": false
            },
            {
              "title": "Ejercicio 2 - Ingresar a Type, escribir nombre y validar texto",
              "fullTitle": "Ejercicios sugeridos en example.cypress.io Ejercicio 2 - Ingresar a Type, escribir nombre y validar texto",
              "timedOut": null,
              "duration": 4538,
              "state": "passed",
              "speed": "fast",
              "pass": true,
              "fail": false,
              "pending": false,
              "context": null,
              "code": "cy.visit('https://example.cypress.io');\ncy.contains('type').click();\ncy.url().should('include', '/commands/actions');\ncy.get('#email1').clear().type('Laura').should('have.value', 'Laura');\ncy.screenshot('ejercicio-2-type-nombre');",
              "err": {},
              "uuid": "0d8e38e3-b271-45b5-8566-97f90368d3a9",
              "parentUUID": "340d6d69-deff-4e49-acd0-4f29eed9fb86",
              "isHook": false,
              "skipped": false
            },
            {
              "title": "Ejercicio 3 - Ir a Checkboxes, seleccionar los disponibles y validar marcados",
              "fullTitle": "Ejercicios sugeridos en example.cypress.io Ejercicio 3 - Ir a Checkboxes, seleccionar los disponibles y validar marcados",
              "timedOut": null,
              "duration": 4065,
              "state": "passed",
              "speed": "fast",
              "pass": true,
              "fail": false,
              "pending": false,
              "context": null,
              "code": "cy.visit('https://example.cypress.io/commands/actions');\ncy.get('.action-checkboxes [type=\"checkbox\"]').not('[disabled]').check().should('be.checked');\ncy.get('.action-checkboxes [type=\"checkbox\"][disabled]').should('be.disabled');\ncy.screenshot('ejercicio-3-checkboxes');",
              "err": {},
              "uuid": "8e9b6164-c106-4a37-b30a-bfedd7dd9216",
              "parentUUID": "340d6d69-deff-4e49-acd0-4f29eed9fb86",
              "isHook": false,
              "skipped": false
            },
            {
              "title": "Ejercicio 4 - Llenar formulario y enviarlo",
              "fullTitle": "Ejercicios sugeridos en example.cypress.io Ejercicio 4 - Llenar formulario y enviarlo",
              "timedOut": null,
              "duration": 4557,
              "state": "passed",
              "speed": "fast",
              "pass": true,
              "fail": false,
              "pending": false,
              "context": null,
              "code": "cy.visit('https://example.cypress.io/commands/actions');\ncy.get('#email1').clear().type('laura@test.com').should('have.value', 'laura@test.com');\ncy.get('#password1').clear().type('123456').should('have.value', '123456');\ncy.get('.action-form').submit();\ncy.screenshot('ejercicio-4-formulario');",
              "err": {},
              "uuid": "ed1e3630-5d5a-4e0e-bf9d-0beff5c9ffdb",
              "parentUUID": "340d6d69-deff-4e49-acd0-4f29eed9fb86",
              "isHook": false,
              "skipped": false
            },
            {
              "title": "Ejercicio 5 - Login simulado, navegacion y cierre de sesion",
              "fullTitle": "Ejercicios sugeridos en example.cypress.io Ejercicio 5 - Login simulado, navegacion y cierre de sesion",
              "timedOut": null,
              "duration": 1654,
              "state": "passed",
              "speed": "fast",
              "pass": true,
              "fail": false,
              "pending": false,
              "context": null,
              "code": "cy.visit('https://example.cypress.io');\ncy.window().then(win => {\n  win.history.replaceState({}, '', '#/inicio');\n  win.document.body.innerHTML = `\n    <main>\n      <h1>Pagina inicial</h1>\n      <form id=\"login-form\">\n        <input id=\"usuario\" placeholder=\"Usuario\">\n        <input id=\"password\" type=\"password\" placeholder=\"Contrasena\">\n        <button type=\"submit\">Iniciar sesion</button>\n      </form>\n      <section id=\"dashboard\" style=\"display: none;\">\n        <h1>Bienvenida Laura</h1>\n        <button id=\"ir-perfil\">Ir al perfil</button>\n      </section>\n      <section id=\"perfil\" style=\"display: none;\">\n        <h1>Perfil de usuario</h1>\n        <button id=\"logout\">Cerrar sesion</button>\n      </section>\n    </main>\n  `;\n  const loginForm = win.document.querySelector('#login-form');\n  const dashboard = win.document.querySelector('#dashboard');\n  const perfil = win.document.querySelector('#perfil');\n  loginForm.addEventListener('submit', event => {\n    event.preventDefault();\n    loginForm.style.display = 'none';\n    dashboard.style.display = 'block';\n    perfil.style.display = 'none';\n    win.history.pushState({}, '', '#/dashboard');\n  });\n  win.document.querySelector('#ir-perfil').addEventListener('click', () => {\n    dashboard.style.display = 'none';\n    perfil.style.display = 'block';\n    win.history.pushState({}, '', '#/perfil');\n  });\n  win.document.querySelector('#logout').addEventListener('click', () => {\n    perfil.style.display = 'none';\n    dashboard.style.display = 'none';\n    loginForm.style.display = 'block';\n    win.history.pushState({}, '', '#/inicio');\n  });\n});\ncy.get('#usuario').type('Laura');\ncy.get('#password').type('123456');\ncy.contains('Iniciar sesion').click();\ncy.contains('Bienvenida Laura').should('be.visible');\ncy.url().should('include', '#/dashboard');\ncy.contains('Ir al perfil').click();\ncy.contains('Perfil de usuario').should('be.visible');\ncy.url().should('include', '#/perfil');\ncy.contains('Cerrar sesion').click();\ncy.contains('Pagina inicial').should('be.visible');\ncy.url().should('include', '#/inicio');\ncy.screenshot('ejercicio-5-login-simulado');",
              "err": {},
              "uuid": "71f90431-0e5b-48fe-9595-e6f9a2fcc770",
              "parentUUID": "340d6d69-deff-4e49-acd0-4f29eed9fb86",
              "isHook": false,
              "skipped": false
            }
          ],
          "suites": [],
          "passes": [
            "f701bb26-cb71-47eb-b121-03305a472604",
            "0d8e38e3-b271-45b5-8566-97f90368d3a9",
            "8e9b6164-c106-4a37-b30a-bfedd7dd9216",
            "ed1e3630-5d5a-4e0e-bf9d-0beff5c9ffdb",
            "71f90431-0e5b-48fe-9595-e6f9a2fcc770"
          ],
          "failures": [],
          "pending": [],
          "skipped": [],
          "duration": 18455,
          "root": false,
          "rootEmpty": false,
          "_timeout": 2000
        }
      ],
      "passes": [],
      "failures": [],
      "pending": [],
      "skipped": [],
      "duration": 0,
      "root": true,
      "rootEmpty": true,
      "_timeout": 2000
    }
  ],
  "meta": {
    "mocha": {
      "version": "7.2.0"
    },
    "mochawesome": {
      "options": {
        "quiet": false,
        "reportFilename": "mochawesome",
        "saveHtml": true,
        "saveJson": true,
        "consoleReporter": "spec",
        "useInlineDiffs": false,
        "code": true
      },
      "version": "7.1.4"
    },
    "marge": {
      "options": {
        "reportDir": "cypress/reports",
        "overwrite": false,
        "html": true,
        "json": true
      },
      "version": "6.3.2"
    }
  }
}